<?xml version="1.0" encoding="UTF-8"?>
<testsuite xmlns:xsi="http://www.w3.org/2001/XMLSchema-instance" xsi:noNamespaceSchemaLocation="https://maven.apache.org/surefire/maven-surefire-plugin/xsd/surefire-test-report-3.0.xsd" version="3.0" name="com.emr.grpcclientdemo.GrpcClientDemoApplicationTests" time="3.065" tests="1" errors="0" skipped="0" failures="0">
  <properties>
    <property name="java.specification.version" value="21"/>
    <property name="sun.jnu.encoding" value="UTF-8"/>
    <property name="java.class.path" value="/Users/fmss/Desktop/spring-projects/grpc-client-demo/target/test-classes:/Users/fmss/Desktop/spring-projects/grpc-client-demo/target/classes:/Users/fmss/.m2/repository/org/springframework/boot/spring-boot-starter/3.2.2/spring-boot-starter-3.2.2.jar:/Users/fmss/.m2/repository/org/springframework/boot/spring-boot/3.2.2/spring-boot-3.2.2.jar:/Users/fmss/.m2/repository/org/springframework/spring-context/6.1.3/spring-context-6.1.3.jar:/Users/fmss/.m2/repository/org/springframework/spring-aop/6.1.3/spring-aop-6.1.3.jar:/Users/fmss/.m2/repository/org/springframework/spring-beans/6.1.3/spring-beans-6.1.3.jar:/Users/fmss/.m2/repository/org/springframework/spring-expression/6.1.3/spring-expression-6.1.3.jar:/Users/fmss/.m2/repository/io/micrometer/micrometer-observation/1.12.2/micrometer-observation-1.12.2.jar:/Users/fmss/.m2/repository/io/micrometer/micrometer-commons/1.12.2/micrometer-commons-1.12.2.jar:/Users/fmss/.m2/repository/org/springframework/boot/spring-boot-autoconfigure/3.2.2/spring-boot-autoconfigure-3.2.2.jar:/Users/fmss/.m2/repository/org/springframework/boot/spring-boot-starter-logging/3.2.2/spring-boot-starter-logging-3.2.2.jar:/Users/fmss/.m2/repository/ch/qos/logback/logback-classic/1.4.14/logback-classic-1.4.14.jar:/Users/fmss/.m2/repository/ch/qos/logback/logback-core/1.4.14/logback-core-1.4.14.jar:/Users/fmss/.m2/repository/org/apache/logging/log4j/log4j-to-slf4j/2.21.1/log4j-to-slf4j-2.21.1.jar:/Users/fmss/.m2/repository/org/apache/logging/log4j/log4j-api/2.21.1/log4j-api-2.21.1.jar:/Users/fmss/.m2/repository/org/slf4j/jul-to-slf4j/2.0.11/jul-to-slf4j-2.0.11.jar:/Users/fmss/.m2/repository/jakarta/annotation/jakarta.annotation-api/2.1.1/jakarta.annotation-api-2.1.1.jar:/Users/fmss/.m2/repository/org/springframework/spring-core/6.1.3/spring-core-6.1.3.jar:/Users/fmss/.m2/repository/org/springframework/spring-jcl/6.1.3/spring-jcl-6.1.3.jar:/Users/fmss/.m2/repository/org/yaml/snakeyaml/2.2/snakeyaml-2.2.jar:/Users/fmss/.m2/repository/io/grpc/grpc-stub/1.61.1/grpc-stub-1.61.1.jar:/Users/fmss/.m2/repository/com/google/guava/guava/32.1.3-android/guava-32.1.3-android.jar:/Users/fmss/.m2/repository/com/google/guava/failureaccess/1.0.1/failureaccess-1.0.1.jar:/Users/fmss/.m2/repository/com/google/guava/listenablefuture/9999.0-empty-to-avoid-conflict-with-guava/listenablefuture-9999.0-empty-to-avoid-conflict-with-guava.jar:/Users/fmss/.m2/repository/com/google/code/findbugs/jsr305/3.0.2/jsr305-3.0.2.jar:/Users/fmss/.m2/repository/org/checkerframework/checker-qual/3.37.0/checker-qual-3.37.0.jar:/Users/fmss/.m2/repository/com/google/j2objc/j2objc-annotations/2.8/j2objc-annotations-2.8.jar:/Users/fmss/.m2/repository/com/google/errorprone/error_prone_annotations/2.23.0/error_prone_annotations-2.23.0.jar:/Users/fmss/.m2/repository/net/devh/grpc-client-spring-boot-starter/2.14.0.RELEASE/grpc-client-spring-boot-starter-2.14.0.RELEASE.jar:/Users/fmss/.m2/repository/net/devh/grpc-client-spring-boot-autoconfigure/2.14.0.RELEASE/grpc-client-spring-boot-autoconfigure-2.14.0.RELEASE.jar:/Users/fmss/.m2/repository/net/devh/grpc-common-spring-boot/2.14.0.RELEASE/grpc-common-spring-boot-2.14.0.RELEASE.jar:/Users/fmss/.m2/repository/io/grpc/grpc-core/1.51.0/grpc-core-1.51.0.jar:/Users/fmss/.m2/repository/com/google/code/gson/gson/2.10.1/gson-2.10.1.jar:/Users/fmss/.m2/repository/com/google/android/annotations/4.1.1.4/annotations-4.1.1.4.jar:/Users/fmss/.m2/repository/org/codehaus/mojo/animal-sniffer-annotations/1.21/animal-sniffer-annotations-1.21.jar:/Users/fmss/.m2/repository/io/grpc/grpc-netty-shaded/1.51.0/grpc-netty-shaded-1.51.0.jar:/Users/fmss/.m2/repository/io/perfmark/perfmark-api/0.25.0/perfmark-api-0.25.0.jar:/Users/fmss/.m2/repository/io/grpc/grpc-protobuf/1.51.0/grpc-protobuf-1.51.0.jar:/Users/fmss/.m2/repository/io/grpc/grpc-api/1.51.0/grpc-api-1.51.0.jar:/Users/fmss/.m2/repository/io/grpc/grpc-context/1.51.0/grpc-context-1.51.0.jar:/Users/fmss/.m2/repository/com/google/protobuf/protobuf-java/3.21.7/protobuf-java-3.21.7.jar:/Users/fmss/.m2/repository/com/google/api/grpc/proto-google-common-protos/2.9.0/proto-google-common-protos-2.9.0.jar:/Users/fmss/.m2/repository/io/grpc/grpc-protobuf-lite/1.51.0/grpc-protobuf-lite-1.51.0.jar:/Users/fmss/.m2/repository/org/projectlombok/lombok/1.18.30/lombok-1.18.30.jar:/Users/fmss/.m2/repository/org/springframework/boot/spring-boot-starter-test/3.2.2/spring-boot-starter-test-3.2.2.jar:/Users/fmss/.m2/repository/org/springframework/boot/spring-boot-test/3.2.2/spring-boot-test-3.2.2.jar:/Users/fmss/.m2/repository/org/springframework/boot/spring-boot-test-autoconfigure/3.2.2/spring-boot-test-autoconfigure-3.2.2.jar:/Users/fmss/.m2/repository/com/jayway/jsonpath/json-path/2.8.0/json-path-2.8.0.jar:/Users/fmss/.m2/repository/org/slf4j/slf4j-api/2.0.11/slf4j-api-2.0.11.jar:/Users/fmss/.m2/repository/jakarta/xml/bind/jakarta.xml.bind-api/4.0.1/jakarta.xml.bind-api-4.0.1.jar:/Users/fmss/.m2/repository/jakarta/activation/jakarta.activation-api/2.1.2/jakarta.activation-api-2.1.2.jar:/Users/fmss/.m2/repository/net/minidev/json-smart/2.5.0/json-smart-2.5.0.jar:/Users/fmss/.m2/repository/net/minidev/accessors-smart/2.5.0/accessors-smart-2.5.0.jar:/Users/fmss/.m2/repository/org/ow2/asm/asm/9.3/asm-9.3.jar:/Users/fmss/.m2/repository/org/assertj/assertj-core/3.24.2/assertj-core-3.24.2.jar:/Users/fmss/.m2/repository/net/bytebuddy/byte-buddy/1.14.11/byte-buddy-1.14.11.jar:/Users/fmss/.m2/repository/org/awaitility/awaitility/4.2.0/awaitility-4.2.0.jar:/Users/fmss/.m2/repository/org/hamcrest/hamcrest/2.2/hamcrest-2.2.jar:/Users/fmss/.m2/repository/org/junit/jupiter/junit-jupiter/5.10.1/junit-jupiter-5.10.1.jar:/Users/fmss/.m2/repository/org/junit/jupiter/junit-jupiter-api/5.10.1/junit-jupiter-api-5.10.1.jar:/Users/fmss/.m2/repository/org/opentest4j/opentest4j/1.3.0/opentest4j-1.3.0.jar:/Users/fmss/.m2/repository/org/junit/platform/junit-platform-commons/1.10.1/junit-platform-commons-1.10.1.jar:/Users/fmss/.m2/repository/org/apiguardian/apiguardian-api/1.1.2/apiguardian-api-1.1.2.jar:/Users/fmss/.m2/repository/org/junit/jupiter/junit-jupiter-params/5.10.1/junit-jupiter-params-5.10.1.jar:/Users/fmss/.m2/repository/org/junit/jupiter/junit-jupiter-engine/5.10.1/junit-jupiter-engine-5.10.1.jar:/Users/fmss/.m2/repository/org/junit/platform/junit-platform-engine/1.10.1/junit-platform-engine-1.10.1.jar:/Users/fmss/.m2/repository/org/mockito/mockito-core/5.7.0/mockito-core-5.7.0.jar:/Users/fmss/.m2/repository/net/bytebuddy/byte-buddy-agent/1.14.11/byte-buddy-agent-1.14.11.jar:/Users/fmss/.m2/repository/org/objenesis/objenesis/3.3/objenesis-3.3.jar:/Users/fmss/.m2/repository/org/mockito/mockito-junit-jupiter/5.7.0/mockito-junit-jupiter-5.7.0.jar:/Users/fmss/.m2/repository/org/skyscreamer/jsonassert/1.5.1/jsonassert-1.5.1.jar:/Users/fmss/.m2/repository/com/vaadin/external/google/android-json/0.0.20131108.vaadin1/android-json-0.0.20131108.vaadin1.jar:/Users/fmss/.m2/repository/org/springframework/spring-test/6.1.3/spring-test-6.1.3.jar:/Users/fmss/.m2/repository/org/xmlunit/xmlunit-core/2.9.1/xmlunit-core-2.9.1.jar:"/>
    <property name="java.vm.vendor" value="Oracle Corporation"/>
    <property name="sun.arch.data.model" value="64"/>
    <property name="java.vendor.url" value="https://java.oracle.com/"/>
    <property name="user.timezone" value="Europe/Istanbul"/>
    <property name="os.name" value="Mac OS X"/>
    <property name="java.vm.specification.version" value="21"/>
    <property name="sun.java.launcher" value="SUN_STANDARD"/>
    <property name="user.country" value="TR"/>
    <property name="sun.boot.library.path" value="/Users/fmss/Library/Java/JavaVirtualMachines/openjdk-21/Contents/Home/lib"/>
    <property name="sun.java.command" value="/Users/fmss/Desktop/spring-projects/grpc-client-demo/target/surefire/surefirebooter-20240217222723409_3.jar /Users/fmss/Desktop/spring-projects/grpc-client-demo/target/surefire 2024-02-17T22-27-11_038-jvmRun1 surefire-20240217222723409_1tmp surefire_0-20240217222723409_2tmp"/>
    <property name="http.nonProxyHosts" value="local|*.local|169.254/16|*.169.254/16"/>
    <property name="jdk.debug" value="release"/>
    <property name="surefire.test.class.path" value="/Users/fmss/Desktop/spring-projects/grpc-client-demo/target/test-classes:/Users/fmss/Desktop/spring-projects/grpc-client-demo/target/classes:/Users/fmss/.m2/repository/org/springframework/boot/spring-boot-starter/3.2.2/spring-boot-starter-3.2.2.jar:/Users/fmss/.m2/repository/org/springframework/boot/spring-boot/3.2.2/spring-boot-3.2.2.jar:/Users/fmss/.m2/repository/org/springframework/spring-context/6.1.3/spring-context-6.1.3.jar:/Users/fmss/.m2/repository/org/springframework/spring-aop/6.1.3/spring-aop-6.1.3.jar:/Users/fmss/.m2/repository/org/springframework/spring-beans/6.1.3/spring-beans-6.1.3.jar:/Users/fmss/.m2/repository/org/springframework/spring-expression/6.1.3/spring-expression-6.1.3.jar:/Users/fmss/.m2/repository/io/micrometer/micrometer-observation/1.12.2/micrometer-observation-1.12.2.jar:/Users/fmss/.m2/repository/io/micrometer/micrometer-commons/1.12.2/micrometer-commons-1.12.2.jar:/Users/fmss/.m2/repository/org/springframework/boot/spring-boot-autoconfigure/3.2.2/spring-boot-autoconfigure-3.2.2.jar:/Users/fmss/.m2/repository/org/springframework/boot/spring-boot-starter-logging/3.2.2/spring-boot-starter-logging-3.2.2.jar:/Users/fmss/.m2/repository/ch/qos/logback/logback-classic/1.4.14/logback-classic-1.4.14.jar:/Users/fmss/.m2/repository/ch/qos/logback/logback-core/1.4.14/logback-core-1.4.14.jar:/Users/fmss/.m2/repository/org/apache/logging/log4j/log4j-to-slf4j/2.21.1/log4j-to-slf4j-2.21.1.jar:/Users/fmss/.m2/repository/org/apache/logging/log4j/log4j-api/2.21.1/log4j-api-2.21.1.jar:/Users/fmss/.m2/repository/org/slf4j/jul-to-slf4j/2.0.11/jul-to-slf4j-2.0.11.jar:/Users/fmss/.m2/repository/jakarta/annotation/jakarta.annotation-api/2.1.1/jakarta.annotation-api-2.1.1.jar:/Users/fmss/.m2/repository/org/springframework/spring-core/6.1.3/spring-core-6.1.3.jar:/Users/fmss/.m2/repository/org/springframework/spring-jcl/6.1.3/spring-jcl-6.1.3.jar:/Users/fmss/.m2/repository/org/yaml/snakeyaml/2.2/snakeyaml-2.2.jar:/Users/fmss/.m2/repository/io/grpc/grpc-stub/1.61.1/grpc-stub-1.61.1.jar:/Users/fmss/.m2/repository/com/google/guava/guava/32.1.3-android/guava-32.1.3-android.jar:/Users/fmss/.m2/repository/com/google/guava/failureaccess/1.0.1/failureaccess-1.0.1.jar:/Users/fmss/.m2/repository/com/google/guava/listenablefuture/9999.0-empty-to-avoid-conflict-with-guava/listenablefuture-9999.0-empty-to-avoid-conflict-with-guava.jar:/Users/fmss/.m2/repository/com/google/code/findbugs/jsr305/3.0.2/jsr305-3.0.2.jar:/Users/fmss/.m2/repository/org/checkerframework/checker-qual/3.37.0/checker-qual-3.37.0.jar:/Users/fmss/.m2/repository/com/google/j2objc/j2objc-annotations/2.8/j2objc-annotations-2.8.jar:/Users/fmss/.m2/repository/com/google/errorprone/error_prone_annotations/2.23.0/error_prone_annotations-2.23.0.jar:/Users/fmss/.m2/repository/net/devh/grpc-client-spring-boot-starter/2.14.0.RELEASE/grpc-client-spring-boot-starter-2.14.0.RELEASE.jar:/Users/fmss/.m2/repository/net/devh/grpc-client-spring-boot-autoconfigure/2.14.0.RELEASE/grpc-client-spring-boot-autoconfigure-2.14.0.RELEASE.jar:/Users/fmss/.m2/repository/net/devh/grpc-common-spring-boot/2.14.0.RELEASE/grpc-common-spring-boot-2.14.0.RELEASE.jar:/Users/fmss/.m2/repository/io/grpc/grpc-core/1.51.0/grpc-core-1.51.0.jar:/Users/fmss/.m2/repository/com/google/code/gson/gson/2.10.1/gson-2.10.1.jar:/Users/fmss/.m2/repository/com/google/android/annotations/4.1.1.4/annotations-4.1.1.4.jar:/Users/fmss/.m2/repository/org/codehaus/mojo/animal-sniffer-annotations/1.21/animal-sniffer-annotations-1.21.jar:/Users/fmss/.m2/repository/io/grpc/grpc-netty-shaded/1.51.0/grpc-netty-shaded-1.51.0.jar:/Users/fmss/.m2/repository/io/perfmark/perfmark-api/0.25.0/perfmark-api-0.25.0.jar:/Users/fmss/.m2/repository/io/grpc/grpc-protobuf/1.51.0/grpc-protobuf-1.51.0.jar:/Users/fmss/.m2/repository/io/grpc/grpc-api/1.51.0/grpc-api-1.51.0.jar:/Users/fmss/.m2/repository/io/grpc/grpc-context/1.51.0/grpc-context-1.51.0.jar:/Users/fmss/.m2/repository/com/google/protobuf/protobuf-java/3.21.7/protobuf-java-3.21.7.jar:/Users/fmss/.m2/repository/com/google/api/grpc/proto-google-common-protos/2.9.0/proto-google-common-protos-2.9.0.jar:/Users/fmss/.m2/repository/io/grpc/grpc-protobuf-lite/1.51.0/grpc-protobuf-lite-1.51.0.jar:/Users/fmss/.m2/repository/org/projectlombok/lombok/1.18.30/lombok-1.18.30.jar:/Users/fmss/.m2/repository/org/springframework/boot/spring-boot-starter-test/3.2.2/spring-boot-starter-test-3.2.2.jar:/Users/fmss/.m2/repository/org/springframework/boot/spring-boot-test/3.2.2/spring-boot-test-3.2.2.jar:/Users/fmss/.m2/repository/org/springframework/boot/spring-boot-test-autoconfigure/3.2.2/spring-boot-test-autoconfigure-3.2.2.jar:/Users/fmss/.m2/repository/com/jayway/jsonpath/json-path/2.8.0/json-path-2.8.0.jar:/Users/fmss/.m2/repository/org/slf4j/slf4j-api/2.0.11/slf4j-api-2.0.11.jar:/Users/fmss/.m2/repository/jakarta/xml/bind/jakarta.xml.bind-api/4.0.1/jakarta.xml.bind-api-4.0.1.jar:/Users/fmss/.m2/repository/jakarta/activation/jakarta.activation-api/2.1.2/jakarta.activation-api-2.1.2.jar:/Users/fmss/.m2/repository/net/minidev/json-smart/2.5.0/json-smart-2.5.0.jar:/Users/fmss/.m2/repository/net/minidev/accessors-smart/2.5.0/accessors-smart-2.5.0.jar:/Users/fmss/.m2/repository/org/ow2/asm/asm/9.3/asm-9.3.jar:/Users/fmss/.m2/repository/org/assertj/assertj-core/3.24.2/assertj-core-3.24.2.jar:/Users/fmss/.m2/repository/net/bytebuddy/byte-buddy/1.14.11/byte-buddy-1.14.11.jar:/Users/fmss/.m2/repository/org/awaitility/awaitility/4.2.0/awaitility-4.2.0.jar:/Users/fmss/.m2/repository/org/hamcrest/hamcrest/2.2/hamcrest-2.2.jar:/Users/fmss/.m2/repository/org/junit/jupiter/junit-jupiter/5.10.1/junit-jupiter-5.10.1.jar:/Users/fmss/.m2/repository/org/junit/jupiter/junit-jupiter-api/5.10.1/junit-jupiter-api-5.10.1.jar:/Users/fmss/.m2/repository/org/opentest4j/opentest4j/1.3.0/opentest4j-1.3.0.jar:/Users/fmss/.m2/repository/org/junit/platform/junit-platform-commons/1.10.1/junit-platform-commons-1.10.1.jar:/Users/fmss/.m2/repository/org/apiguardian/apiguardian-api/1.1.2/apiguardian-api-1.1.2.jar:/Users/fmss/.m2/repository/org/junit/jupiter/junit-jupiter-params/5.10.1/junit-jupiter-params-5.10.1.jar:/Users/fmss/.m2/repository/org/junit/jupiter/junit-jupiter-engine/5.10.1/junit-jupiter-engine-5.10.1.jar:/Users/fmss/.m2/repository/org/junit/platform/junit-platform-engine/1.10.1/junit-platform-engine-1.10.1.jar:/Users/fmss/.m2/repository/org/mockito/mockito-core/5.7.0/mockito-core-5.7.0.jar:/Users/fmss/.m2/repository/net/bytebuddy/byte-buddy-agent/1.14.11/byte-buddy-agent-1.14.11.jar:/Users/fmss/.m2/repository/org/objenesis/objenesis/3.3/objenesis-3.3.jar:/Users/fmss/.m2/repository/org/mockito/mockito-junit-jupiter/5.7.0/mockito-junit-jupiter-5.7.0.jar:/Users/fmss/.m2/repository/org/skyscreamer/jsonassert/1.5.1/jsonassert-1.5.1.jar:/Users/fmss/.m2/repository/com/vaadin/external/google/android-json/0.0.20131108.vaadin1/android-json-0.0.20131108.vaadin1.jar:/Users/fmss/.m2/repository/org/springframework/spring-test/6.1.3/spring-test-6.1.3.jar:/Users/fmss/.m2/repository/org/xmlunit/xmlunit-core/2.9.1/xmlunit-core-2.9.1.jar:"/>
    <property name="sun.cpu.endian" value="little"/>
    <property name="user.home" value="/Users/fmss"/>
    <property name="user.language" value="en"/>
    <property name="java.specification.vendor" value="Oracle Corporation"/>
    <property name="java.version.date" value="2023-09-19"/>
    <property name="java.home" value="/Users/fmss/Library/Java/JavaVirtualMachines/openjdk-21/Contents/Home"/>
    <property name="file.separator" value="/"/>
    <property name="basedir" value="/Users/fmss/Desktop/spring-projects/grpc-client-demo"/>
    <property name="java.vm.compressedOopsMode" value="Zero based"/>
    <property name="line.separator" value="&#10;"/>
    <property name="java.vm.specification.vendor" value="Oracle Corporation"/>
    <property name="java.specification.name" value="Java Platform API Specification"/>
    <property name="FILE_LOG_CHARSET" value="UTF-8"/>
    <property name="java.awt.headless" value="true"/>
    <property name="apple.awt.application.name" value="ForkedBooter"/>
    <property name="surefire.real.class.path" value="/Users/fmss/Desktop/spring-projects/grpc-client-demo/target/surefire/surefirebooter-20240217222723409_3.jar"/>
    <property name="sun.management.compiler" value="HotSpot 64-Bit Tiered Compilers"/>
    <property name="ftp.nonProxyHosts" value="local|*.local|169.254/16|*.169.254/16"/>
    <property name="java.runtime.version" value="21+35-2513"/>
    <property name="user.name" value="fmss"/>
    <property name="stdout.encoding" value="UTF-8"/>
    <property name="path.separator" value=":"/>
    <property name="os.version" value="14.2.1"/>
    <property name="java.runtime.name" value="OpenJDK Runtime Environment"/>
    <property name="file.encoding" value="UTF-8"/>
    <property name="java.vm.name" value="OpenJDK 64-Bit Server VM"/>
    <property name="localRepository" value="/Users/fmss/.m2/repository"/>
    <property name="java.vendor.url.bug" value="https://bugreport.java.com/bugreport/"/>
    <property name="java.io.tmpdir" value="/var/folders/v8/87cbkzbd2fgbrb6jn6rkxst40000gn/T/"/>
    <property name="idea.version" value="2023.2.4"/>
    <property name="java.version" value="21"/>
    <property name="user.dir" value="/Users/fmss/Desktop/spring-projects/grpc-client-demo"/>
    <property name="os.arch" value="x86_64"/>
    <property name="java.vm.specification.name" value="Java Virtual Machine Specification"/>
    <property name="PID" value="14560"/>
    <property name="CONSOLE_LOG_CHARSET" value="UTF-8"/>
    <property name="native.encoding" value="UTF-8"/>
    <property name="java.library.path" value="/Users/fmss/Library/Java/Extensions:/Library/Java/Extensions:/Network/Library/Java/Extensions:/System/Library/Java/Extensions:/usr/lib/java:."/>
    <property name="java.vm.info" value="mixed mode, sharing"/>
    <property name="stderr.encoding" value="UTF-8"/>
    <property name="java.vendor" value="Oracle Corporation"/>
    <property name="java.vm.version" value="21+35-2513"/>
    <property name="sun.io.unicode.encoding" value="UnicodeBig"/>
    <property name="socksNonProxyHosts" value="local|*.local|169.254/16|*.169.254/16"/>
    <property name="java.class.version" value="65.0"/>
  </properties>
  <testcase name="contextLoads" classname="com.emr.grpcclientdemo.GrpcClientDemoApplicationTests" time="1.371">
    <system-out><![CDATA[22:27:24.641 [main] INFO org.springframework.test.context.support.AnnotationConfigContextLoaderUtils -- Could not detect default configuration classes for test class [com.emr.grpcclientdemo.GrpcClientDemoApplicationTests]: GrpcClientDemoApplicationTests does not declare any static, non-private, non-final, nested classes annotated with @Configuration.
22:27:24.792 [main] INFO org.springframework.boot.test.context.SpringBootTestContextBootstrapper -- Found @SpringBootConfiguration com.emr.grpcclientdemo.GrpcClientDemoApplication for test class com.emr.grpcclientdemo.GrpcClientDemoApplicationTests

  .   ____          _            __ _ _
 /\\ / ___'_ __ _ _(_)_ __  __ _ \ \ \ \
( ( )\___ | '_ | '_| | '_ \/ _` | \ \ \ \
 \\/  ___)| |_)| | | | | || (_| |  ) ) ) )
  '  |____| .__|_| |_|_| |_\__, | / / / /
 =========|_|==============|___/=/_/_/_/
 :: Spring Boot ::                (v3.2.2)

2024-02-17T22:27:25.377+03:00  INFO 14560 --- [           main] c.e.g.GrpcClientDemoApplicationTests     : Starting GrpcClientDemoApplicationTests using Java 21 with PID 14560 (started by fmss in /Users/fmss/Desktop/spring-projects/grpc-client-demo)
2024-02-17T22:27:25.421+03:00  INFO 14560 --- [           main] c.e.g.GrpcClientDemoApplicationTests     : No active profile set, falling back to 1 default profile: "default"
2024-02-17T22:27:26.085+03:00  INFO 14560 --- [           main] c.e.g.GrpcClientDemoApplicationTests     : Started GrpcClientDemoApplicationTests in 1.095 seconds (process running for 2.574)
]]></system-out>
    <system-err><![CDATA[WARNING: A Java agent has been loaded dynamically (/Users/fmss/.m2/repository/net/bytebuddy/byte-buddy-agent/1.14.11/byte-buddy-agent-1.14.11.jar)
WARNING: If a serviceability tool is in use, please run with -XX:+EnableDynamicAgentLoading to hide this warning
WARNING: If a serviceability tool is not in use, please run with -Djdk.instrument.traceUsage for more information
WARNING: Dynamic loading of agents will be disallowed by default in a future release
]]></system-err>
  </testcase>
</testsuite>